<?xml version="1.0" encoding="utf-8"?><testsuites name="pytest tests"><testsuite name="pytest" errors="0" failures="0" skipped="0" tests="52" time="62.333" timestamp="2026-09-19T22:49:14.337976+12:00" hostname="Ran-Workstation"><testcase classname="tests.test_engineering_m1" name="test_E01_namespace_guard" time="0.539" /><testcase classname="tests.test_engineering_m1" name="test_E02_actual_fake_request_and_missing_persona" time="0.726" /><testcase classname="tests.test_engineering_m1" name="test_E03_stops_advance_and_E04_private_public_split" time="0.739" /><testcase classname="tests.test_engineering_m1" name="test_E05_delivered_projection_only" time="0.557" /><testcase classname="tests.test_engineering_m1" name="test_E07_invalid_stage_fails_closed[bad0]" time="0.622" /><testcase classname="tests.test_engineering_m1" name="test_E07_invalid_stage_fails_closed[bad1]" time="1.065" /><testcase classname="tests.test_engineering_m1" name="test_E07_invalid_stage_fails_closed[bad2]" time="0.601" /><testcase classname="tests.test_engineering_m1" name="test_E07_invalid_stage_fails_closed[bad3]" time="1.170" /><testcase classname="tests.test_engineering_m1" name="test_E07_json_retry_and_recall_bounds" time="1.111" /><testcase classname="tests.test_engineering_m1" name="test_E09_identity_and_E10_scope" time="0.638" /><testcase classname="tests.test_engineering_m1" name="test_E14_100_duplicates" time="1.887" /><testcase classname="tests.test_engineering_m1" name="test_E14_real_process_crash_after_receive" time="1.144" /><testcase classname="tests.test_engineering_m1" name="test_E15_nonidempotent_unknown" time="0.782" /><testcase classname="tests.test_engineering_m1" name="test_E17_twenty_cas_proposals" time="0.754" /><testcase classname="tests.test_engineering_m1" name="test_E19_scope_inheritance_and_policy_denial" time="0.558" /><testcase classname="tests.test_engineering_m1" name="test_E21_audit_failure_prevents_calls_and_effects" time="0.528" /><testcase classname="tests.test_engineering_m1" name="test_E23_state_replay_and_tamper" time="2.939" /><testcase classname="tests.test_engineering_m10" name="test_E05_undelivered_are_explicit_and_survive_new_store" time="0.588" /><testcase classname="tests.test_engineering_m10" name="test_E17_twenty_mutation_ids_replayed_after_cas" time="0.713" /><testcase classname="tests.test_engineering_m10" name="test_E12_E13_executor_cannot_publish_or_reach_host" time="3.774" /><testcase classname="tests.test_engineering_m10" name="test_E19_message_source_cannot_be_laundered" time="1.679" /><testcase classname="tests.test_engineering_m10" name="test_E21_audit_failure_immediately_before_sink" time="0.983" /><testcase classname="tests.test_engineering_m10" name="test_E23_mixed_state_replay_without_external_actions" time="2.584" /><testcase classname="tests.test_engineering_m10" name="test_E07_provider_length_is_not_stop" time="0.000" /><testcase classname="tests.test_engineering_m3" name="test_E16_cancel_fences_tool_and_result" time="1.165" /><testcase classname="tests.test_engineering_m3" name="test_E14_simulated_effect_dedupe" time="2.223" /><testcase classname="tests.test_engineering_m3" name="test_E06_sandbox_cannot_access_host_credentials_or_network" time="1.962" /><testcase classname="tests.test_engineering_m3" name="test_E21_audit_failure_blocks_file_effect" time="1.244" /><testcase classname="tests.test_engineering_m3" name="test_E14_uncertain_tool_does_not_repeat" time="1.209" /><testcase classname="tests.test_engineering_m3" name="test_E08_scope_and_receipt_references_are_enforced" time="1.336" /><testcase classname="tests.test_engineering_m4" name="test_E18_same_source_not_new_experience" time="0.910" /><testcase classname="tests.test_engineering_m4" name="test_E19_bounded_proposal_and_next_context" time="0.950" /><testcase classname="tests.test_engineering_m4" name="test_E12_chunk_sources_and_scope" time="0.776" /><testcase classname="tests.test_engineering_m6" name="test_E24_queue_fairness_and_group_quiet" time="1.065" /><testcase classname="tests.test_engineering_m6" name="test_E09_E16_owner_cancellation_and_expired_lease" time="1.182" /><testcase classname="tests.test_engineering_m6" name="test_E06_duplicate_result_one_character_feedback" time="1.676" /><testcase classname="tests.test_engineering_m6" name="test_E12_output_cap_and_literal_shell_arguments" time="1.226" /><testcase classname="tests.test_engineering_m6" name="test_E20_erasure_preserves_unique_keys_and_refences_context" time="1.569" /><testcase classname="tests.test_engineering_m7" name="test_E14_five_actual_process_crash_points[after_task_persist]" time="1.175" /><testcase classname="tests.test_engineering_m7" name="test_E14_five_actual_process_crash_points[after_lane_delivery]" time="1.200" /><testcase classname="tests.test_engineering_m7" name="test_E14_five_actual_process_crash_points[after_tool_commit]" time="1.995" /><testcase classname="tests.test_engineering_m7" name="test_E14_five_actual_process_crash_points[after_send_before_receipt]" time="1.095" /><testcase classname="tests.test_engineering_m7" name="test_E14_five_actual_process_crash_points[before_commit_audit]" time="1.156" /><testcase classname="tests.test_engineering_m7" name="test_E12_read_only_source_and_allowed_code_write" time="1.710" /><testcase classname="tests.test_engineering_m7" name="test_E22_independent_observer_detects_missing_auxiliary_call" time="0.947" /><testcase classname="tests.test_engineering_m8" name="test_E08_schema_error_recovers_once_with_real_copy" time="2.205" /><testcase classname="tests.test_engineering_m8" name="test_E21_disk_full_before_request_and_closed_mongo" time="0.622" /><testcase classname="tests.test_engineering_m8" name="test_E20_active_runtime_lease_blocks_erasure" time="3.066" /><testcase classname="tests.test_engineering_m8" name="test_E19_transitive_private_source_laundering_denied" time="0.529" /><testcase classname="tests.test_engineering_m9" name="test_E03_monologue_off_is_explicit_control" time="0.694" /><testcase classname="tests.test_engineering_m9" name="test_independent_review_rejects_tampering_and_missing_attestation" time="0.048" /><testcase classname="tests.test_engineering_m9" name="test_E10_canonical_canaries_in_all_unauthorized_contexts" time="0.542" /></testsuite></testsuites>