<?xml version="1.0" encoding="utf-8"?><testsuites name="pytest tests"><testsuite name="pytest" errors="0" failures="0" skipped="0" tests="2" time="1.633" timestamp="2026-09-20T11:40:02.171524+12:00" hostname="Ran-Workstation"><testcase classname="tests.test_engineering_m9" name="test_independent_review_rejects_tampering_and_missing_attestation" time="0.045" /><testcase classname="tests.test_engineering_m1" name="test_E23_state_replay_and_tamper" time="1.499"><properties><property name="evidence_path" value="reports/check-20260919T234001Z-bdfba3/fixtures/b9c1940a27856440" /></properties></testcase></testsuite></testsuites>