<?xml version="1.0" encoding="utf-8"?><testsuites name="pytest tests"><testsuite name="pytest" errors="0" failures="0" skipped="0" tests="57" time="58.041" timestamp="2026-09-20T11:19:46.928179+12:00" hostname="Ran-Workstation"><testcase classname="tests.test_engineering_m1" name="test_E01_namespace_guard" time="0.817"><properties><property name="evidence_path" value="reports/check-20260919T231946Z-050515/fixtures/fb4b51a62eddea41" /></properties></testcase><testcase classname="tests.test_engineering_m1" name="test_E02_actual_fake_request_and_missing_persona" time="0.828"><properties><property name="evidence_path" value="reports/check-20260919T231946Z-050515/fixtures/68a59a0e3f743057" /></properties></testcase><testcase classname="tests.test_engineering_m1" name="test_E03_stops_advance_and_E04_private_public_split" time="0.855"><properties><property name="evidence_path" value="reports/check-20260919T231946Z-050515/fixtures/632de47090cab52e" /></properties></testcase><testcase classname="tests.test_engineering_m1" name="test_E05_delivered_projection_only" time="0.636"><properties><property name="evidence_path" value="reports/check-20260919T231946Z-050515/fixtures/1ea885f5e83458eb" /></properties></testcase><testcase classname="tests.test_engineering_m1" name="test_E07_invalid_stage_fails_closed[bad0]" time="0.639"><properties><property name="evidence_path" value="reports/check-20260919T231946Z-050515/fixtures/c69c875b4590beb4" /></properties></testcase><testcase classname="tests.test_engineering_m1" name="test_E07_invalid_stage_fails_closed[bad1]" time="0.603"><properties><property name="evidence_path" value="reports/check-20260919T231946Z-050515/fixtures/fcfd69afe280fca8" /></properties></testcase><testcase classname="tests.test_engineering_m1" name="test_E07_invalid_stage_fails_closed[bad2]" time="0.607"><properties><property name="evidence_path" value="reports/check-20260919T231946Z-050515/fixtures/f119846770ab6d64" /></properties></testcase><testcase classname="tests.test_engineering_m1" name="test_E07_invalid_stage_fails_closed[bad3]" time="0.620"><properties><property name="evidence_path" value="reports/check-20260919T231946Z-050515/fixtures/e548275fe75400ae" /></properties></testcase><testcase classname="tests.test_engineering_m1" name="test_E07_json_retry_and_recall_bounds" time="1.008"><properties><property name="evidence_path" value="reports/check-20260919T231946Z-050515/fixtures/b8e53e916081a8f4" /></properties></testcase><testcase classname="tests.test_engineering_m1" name="test_E09_identity_and_E10_scope" time="0.564"><properties><property name="evidence_path" value="reports/check-20260919T231946Z-050515/fixtures/37a441c602de31c4" /></properties></testcase><testcase classname="tests.test_engineering_m1" name="test_E14_100_duplicates" time="1.193"><properties><property name="evidence_path" value="reports/check-20260919T231946Z-050515/fixtures/b398e3d27adeb986" /></properties></testcase><testcase classname="tests.test_engineering_m1" name="test_E14_real_process_crash_after_receive" time="1.095"><properties><property name="evidence_path" value="reports/check-20260919T231946Z-050515/fixtures/db6ac89aa3182827" /></properties></testcase><testcase classname="tests.test_engineering_m1" name="test_E15_nonidempotent_unknown" time="0.807"><properties><property name="evidence_path" value="reports/check-20260919T231946Z-050515/fixtures/96c7431b85d76097" /></properties></testcase><testcase classname="tests.test_engineering_m1" name="test_E17_twenty_cas_proposals" time="0.585"><properties><property name="evidence_path" value="reports/check-20260919T231946Z-050515/fixtures/e0a57e3cc06ba111" /></properties></testcase><testcase classname="tests.test_engineering_m1" name="test_E19_scope_inheritance_and_policy_denial" time="0.574"><properties><property name="evidence_path" value="reports/check-20260919T231946Z-050515/fixtures/c4af893473857b2f" /></properties></testcase><testcase classname="tests.test_engineering_m1" name="test_E21_audit_failure_prevents_calls_and_effects" time="1.435"><properties><property name="evidence_path" value="reports/check-20260919T231946Z-050515/fixtures/d805f72575ef703d" /></properties></testcase><testcase classname="tests.test_engineering_m1" name="test_E23_state_replay_and_tamper" time="1.092"><properties><property name="evidence_path" value="reports/check-20260919T231946Z-050515/fixtures/b9c1940a27856440" /></properties></testcase><testcase classname="tests.test_engineering_m10" name="test_E05_undelivered_are_explicit_and_survive_new_store" time="0.545"><properties><property name="evidence_path" value="reports/check-20260919T231946Z-050515/fixtures/cc0d76b458da5c83" /></properties></testcase><testcase classname="tests.test_engineering_m10" name="test_E17_twenty_mutation_ids_replayed_after_cas" time="0.670"><properties><property name="evidence_path" value="reports/check-20260919T231946Z-050515/fixtures/efc8169fd19f3cb9" /></properties></testcase><testcase classname="tests.test_engineering_m10" name="test_E12_E13_executor_cannot_publish_or_reach_host" time="1.705"><properties><property name="evidence_path" value="reports/check-20260919T231946Z-050515/fixtures/9419ada5c71d4900" /></properties></testcase><testcase classname="tests.test_engineering_m10" name="test_E19_message_source_cannot_be_laundered" time="0.568"><properties><property name="evidence_path" value="reports/check-20260919T231946Z-050515/fixtures/e81177b1f75efc70" /></properties></testcase><testcase classname="tests.test_engineering_m10" name="test_E21_audit_failure_immediately_before_sink" time="1.543"><properties><property name="evidence_path" value="reports/check-20260919T231946Z-050515/fixtures/157fc28747f5c240" /></properties></testcase><testcase classname="tests.test_engineering_m10" name="test_E23_mixed_state_replay_without_external_actions" time="2.234"><properties><property name="evidence_path" value="reports/check-20260919T231946Z-050515/fixtures/f6f9d6eddea25f2c" /></properties></testcase><testcase classname="tests.test_engineering_m10" name="test_E07_provider_length_is_not_stop" time="0.000" /><testcase classname="tests.test_engineering_m11" name="test_E16_old_worker_exception_does_not_poison_replacement" time="1.188"><properties><property name="evidence_path" value="reports/check-20260919T231946Z-050515/fixtures/6a63d7c4c78b9eee" /></properties></testcase><testcase classname="tests.test_engineering_m11" name="test_E24_budget_guard_before_generation_and_clock_fairness" time="0.001" /><testcase classname="tests.test_engineering_m11" name="test_E16_busy_workspace_is_not_claimed" time="2.657"><properties><property name="evidence_path" value="reports/check-20260919T231946Z-050515/fixtures/e488f65a186ede54" /></properties></testcase><testcase classname="tests.test_engineering_m11" name="test_E19_rollback_rejects_other_scope_and_preserves_source_accounting" time="0.561"><properties><property name="evidence_path" value="reports/check-20260919T231946Z-050515/fixtures/ca74e4e99229c338" /></properties></testcase><testcase classname="tests.test_engineering_m11" name="test_cli_starts_and_exposes_revision_commands" time="0.407" /><testcase classname="tests.test_engineering_m3" name="test_E16_cancel_fences_tool_and_result" time="1.263"><properties><property name="evidence_path" value="reports/check-20260919T231946Z-050515/fixtures/056bcd4a849e6adb" /></properties></testcase><testcase classname="tests.test_engineering_m3" name="test_E14_simulated_effect_dedupe" time="1.699"><properties><property name="evidence_path" value="reports/check-20260919T231946Z-050515/fixtures/ca47c9496bf1a7dc" /></properties></testcase><testcase classname="tests.test_engineering_m3" name="test_E06_sandbox_cannot_access_host_credentials_or_network" time="1.245"><properties><property name="evidence_path" value="reports/check-20260919T231946Z-050515/fixtures/56a367838e03c207" /></properties></testcase><testcase classname="tests.test_engineering_m3" name="test_E21_audit_failure_blocks_file_effect" time="1.181"><properties><property name="evidence_path" value="reports/check-20260919T231946Z-050515/fixtures/c3c90bc670ef2ed7" /></properties></testcase><testcase classname="tests.test_engineering_m3" name="test_E14_uncertain_tool_does_not_repeat" time="1.170"><properties><property name="evidence_path" value="reports/check-20260919T231946Z-050515/fixtures/443aca9e056a291c" /></properties></testcase><testcase classname="tests.test_engineering_m3" name="test_E08_scope_and_receipt_references_are_enforced" time="1.219"><properties><property name="evidence_path" value="reports/check-20260919T231946Z-050515/fixtures/644a84645cc50e22" /></properties></testcase><testcase classname="tests.test_engineering_m4" name="test_E18_same_source_not_new_experience" time="0.725"><properties><property name="evidence_path" value="reports/check-20260919T231946Z-050515/fixtures/03654bf3db67bd9c" /></properties></testcase><testcase classname="tests.test_engineering_m4" name="test_E19_bounded_proposal_and_next_context" time="0.746"><properties><property name="evidence_path" value="reports/check-20260919T231946Z-050515/fixtures/308503132b36c8e4" /></properties></testcase><testcase classname="tests.test_engineering_m4" name="test_E12_chunk_sources_and_scope" time="0.672"><properties><property name="evidence_path" value="reports/check-20260919T231946Z-050515/fixtures/bcc99f94e3d7ef73" /></properties></testcase><testcase classname="tests.test_engineering_m6" name="test_E24_queue_fairness_and_group_quiet" time="0.975"><properties><property name="evidence_path" value="reports/check-20260919T231946Z-050515/fixtures/30ef50e9a17c01a4" /></properties></testcase><testcase classname="tests.test_engineering_m6" name="test_E09_E16_owner_cancellation_and_expired_lease" time="1.173"><properties><property name="evidence_path" value="reports/check-20260919T231946Z-050515/fixtures/332d48fc3f4179c4" /></properties></testcase><testcase classname="tests.test_engineering_m6" name="test_E06_duplicate_result_one_character_feedback" time="1.698"><properties><property name="evidence_path" value="reports/check-20260919T231946Z-050515/fixtures/7910ec60d346a24a" /></properties></testcase><testcase classname="tests.test_engineering_m6" name="test_E12_output_cap_and_literal_shell_arguments" time="0.954" /><testcase classname="tests.test_engineering_m6" name="test_E20_erasure_preserves_unique_keys_and_refences_context" time="1.526"><properties><property name="evidence_path" value="reports/check-20260919T231946Z-050515/fixtures/3585a6bbd864f6df" /></properties></testcase><testcase classname="tests.test_engineering_m7" name="test_E14_five_actual_process_crash_points[after_task_persist]" time="1.008"><properties><property name="evidence_path" value="reports/check-20260919T231946Z-050515/fixtures/76cff69c563bf805" /></properties></testcase><testcase classname="tests.test_engineering_m7" name="test_E14_five_actual_process_crash_points[after_lane_delivery]" time="1.059"><properties><property name="evidence_path" value="reports/check-20260919T231946Z-050515/fixtures/cbd943c248ba6cd2" /></properties></testcase><testcase classname="tests.test_engineering_m7" name="test_E14_five_actual_process_crash_points[after_tool_commit]" time="1.611"><properties><property name="evidence_path" value="reports/check-20260919T231946Z-050515/fixtures/7b43c6f041e04d57" /></properties></testcase><testcase classname="tests.test_engineering_m7" name="test_E14_five_actual_process_crash_points[after_send_before_receipt]" time="1.091"><properties><property name="evidence_path" value="reports/check-20260919T231946Z-050515/fixtures/62ea9164cc18404a" /></properties></testcase><testcase classname="tests.test_engineering_m7" name="test_E14_five_actual_process_crash_points[before_commit_audit]" time="1.080"><properties><property name="evidence_path" value="reports/check-20260919T231946Z-050515/fixtures/49c98912ff084bc9" /></properties></testcase><testcase classname="tests.test_engineering_m7" name="test_E12_read_only_source_and_allowed_code_write" time="1.674"><properties><property name="evidence_path" value="reports/check-20260919T231946Z-050515/fixtures/db044ba9a9a3f9f7" /></properties></testcase><testcase classname="tests.test_engineering_m7" name="test_E22_independent_observer_detects_missing_auxiliary_call" time="0.854" /><testcase classname="tests.test_engineering_m8" name="test_E08_schema_error_recovers_once_with_real_copy" time="2.196"><properties><property name="evidence_path" value="reports/check-20260919T231946Z-050515/fixtures/b0d57c528dff7723" /></properties></testcase><testcase classname="tests.test_engineering_m8" name="test_E21_disk_full_before_request_and_closed_mongo" time="0.621"><properties><property name="evidence_path" value="reports/check-20260919T231946Z-050515/fixtures/4dbffba49bf7b32c" /></properties></testcase><testcase classname="tests.test_engineering_m8" name="test_E20_active_runtime_lease_blocks_erasure" time="2.599"><properties><property name="evidence_path" value="reports/check-20260919T231946Z-050515/fixtures/f98cec715003f751" /></properties></testcase><testcase classname="tests.test_engineering_m8" name="test_E19_transitive_private_source_laundering_denied" time="0.518"><properties><property name="evidence_path" value="reports/check-20260919T231946Z-050515/fixtures/58d1be07f29a7c9a" /></properties></testcase><testcase classname="tests.test_engineering_m9" name="test_E03_monologue_off_is_explicit_control" time="0.651"><properties><property name="evidence_path" value="reports/check-20260919T231946Z-050515/fixtures/951d0f31a6371ade" /></properties></testcase><testcase classname="tests.test_engineering_m9" name="test_independent_review_rejects_tampering_and_missing_attestation" time="0.035" /><testcase classname="tests.test_engineering_m9" name="test_E10_canonical_canaries_in_all_unauthorized_contexts" time="0.599"><properties><property name="evidence_path" value="reports/check-20260919T231946Z-050515/fixtures/5173bef2f0585b32" /></properties></testcase></testsuite></testsuites>