<?xml version="1.0" encoding="utf-8"?><testsuites name="pytest tests"><testsuite name="pytest" errors="0" failures="0" skipped="0" tests="17" time="14.057" timestamp="2026-09-19T23:11:30.991093+12:00" hostname="Ran-Workstation"><testcase classname="tests.test_engineering_m1" name="test_E01_namespace_guard" time="0.609"><properties><property name="evidence_path" value="reports/check-20260919T111130Z-c89a44/fixtures/fb4b51a62eddea41" /></properties></testcase><testcase classname="tests.test_engineering_m1" name="test_E02_actual_fake_request_and_missing_persona" time="1.044"><properties><property name="evidence_path" value="reports/check-20260919T111130Z-c89a44/fixtures/68a59a0e3f743057" /></properties></testcase><testcase classname="tests.test_engineering_m1" name="test_E03_stops_advance_and_E04_private_public_split" time="0.798"><properties><property name="evidence_path" value="reports/check-20260919T111130Z-c89a44/fixtures/632de47090cab52e" /></properties></testcase><testcase classname="tests.test_engineering_m1" name="test_E05_delivered_projection_only" time="0.633"><properties><property name="evidence_path" value="reports/check-20260919T111130Z-c89a44/fixtures/1ea885f5e83458eb" /></properties></testcase><testcase classname="tests.test_engineering_m1" name="test_E07_invalid_stage_fails_closed[bad0]" time="0.640"><properties><property name="evidence_path" value="reports/check-20260919T111130Z-c89a44/fixtures/c69c875b4590beb4" /></properties></testcase><testcase classname="tests.test_engineering_m1" name="test_E07_invalid_stage_fails_closed[bad1]" time="0.673"><properties><property name="evidence_path" value="reports/check-20260919T111130Z-c89a44/fixtures/fcfd69afe280fca8" /></properties></testcase><testcase classname="tests.test_engineering_m1" name="test_E07_invalid_stage_fails_closed[bad2]" time="0.765"><properties><property name="evidence_path" value="reports/check-20260919T111130Z-c89a44/fixtures/f119846770ab6d64" /></properties></testcase><testcase classname="tests.test_engineering_m1" name="test_E07_invalid_stage_fails_closed[bad3]" time="0.663"><properties><property name="evidence_path" value="reports/check-20260919T111130Z-c89a44/fixtures/e548275fe75400ae" /></properties></testcase><testcase classname="tests.test_engineering_m1" name="test_E07_json_retry_and_recall_bounds" time="1.057"><properties><property name="evidence_path" value="reports/check-20260919T111130Z-c89a44/fixtures/b8e53e916081a8f4" /></properties></testcase><testcase classname="tests.test_engineering_m1" name="test_E09_identity_and_E10_scope" time="0.671"><properties><property name="evidence_path" value="reports/check-20260919T111130Z-c89a44/fixtures/37a441c602de31c4" /></properties></testcase><testcase classname="tests.test_engineering_m1" name="test_E14_100_duplicates" time="1.467"><properties><property name="evidence_path" value="reports/check-20260919T111130Z-c89a44/fixtures/b398e3d27adeb986" /></properties></testcase><testcase classname="tests.test_engineering_m1" name="test_E14_real_process_crash_after_receive" time="1.214"><properties><property name="evidence_path" value="reports/check-20260919T111130Z-c89a44/fixtures/db6ac89aa3182827" /></properties></testcase><testcase classname="tests.test_engineering_m1" name="test_E15_nonidempotent_unknown" time="0.815"><properties><property name="evidence_path" value="reports/check-20260919T111130Z-c89a44/fixtures/96c7431b85d76097" /></properties></testcase><testcase classname="tests.test_engineering_m1" name="test_E17_twenty_cas_proposals" time="0.646"><properties><property name="evidence_path" value="reports/check-20260919T111130Z-c89a44/fixtures/e0a57e3cc06ba111" /></properties></testcase><testcase classname="tests.test_engineering_m1" name="test_E19_scope_inheritance_and_policy_denial" time="0.582"><properties><property name="evidence_path" value="reports/check-20260919T111130Z-c89a44/fixtures/c4af893473857b2f" /></properties></testcase><testcase classname="tests.test_engineering_m1" name="test_E21_audit_failure_prevents_calls_and_effects" time="0.559"><properties><property name="evidence_path" value="reports/check-20260919T111130Z-c89a44/fixtures/d805f72575ef703d" /></properties></testcase><testcase classname="tests.test_engineering_m1" name="test_E23_state_replay_and_tamper" time="1.130"><properties><property name="evidence_path" value="reports/check-20260919T111130Z-c89a44/fixtures/b9c1940a27856440" /></properties></testcase></testsuite></testsuites>