<?xml version="1.0" encoding="utf-8"?><testsuites name="pytest tests"><testsuite name="pytest" errors="0" failures="0" skipped="0" tests="31" time="38.466" timestamp="2026-09-19T21:18:21.667516+12:00" hostname="Ran-Workstation"><testcase classname="tests.test_engineering_m1" name="test_E01_namespace_guard" time="0.528" /><testcase classname="tests.test_engineering_m1" name="test_E02_actual_fake_request_and_missing_persona" time="0.770" /><testcase classname="tests.test_engineering_m1" name="test_E03_stops_advance_and_E04_private_public_split" time="1.510" /><testcase classname="tests.test_engineering_m1" name="test_E05_delivered_projection_only" time="0.567" /><testcase classname="tests.test_engineering_m1" name="test_E07_invalid_stage_fails_closed[bad0]" time="0.613" /><testcase classname="tests.test_engineering_m1" name="test_E07_invalid_stage_fails_closed[bad1]" time="1.519" /><testcase classname="tests.test_engineering_m1" name="test_E07_invalid_stage_fails_closed[bad2]" time="0.800" /><testcase classname="tests.test_engineering_m1" name="test_E07_invalid_stage_fails_closed[bad3]" time="0.557" /><testcase classname="tests.test_engineering_m1" name="test_E07_json_retry_and_recall_bounds" time="1.171" /><testcase classname="tests.test_engineering_m1" name="test_E09_identity_and_E10_scope" time="0.562" /><testcase classname="tests.test_engineering_m1" name="test_E14_100_duplicates" time="2.192" /><testcase classname="tests.test_engineering_m1" name="test_E14_real_process_crash_after_receive" time="1.147" /><testcase classname="tests.test_engineering_m1" name="test_E15_nonidempotent_unknown" time="0.844" /><testcase classname="tests.test_engineering_m1" name="test_E17_twenty_cas_proposals" time="1.513" /><testcase classname="tests.test_engineering_m1" name="test_E19_scope_inheritance_and_policy_denial" time="0.626" /><testcase classname="tests.test_engineering_m1" name="test_E21_audit_failure_prevents_calls_and_effects" time="0.615" /><testcase classname="tests.test_engineering_m1" name="test_E23_state_replay_and_tamper" time="2.329" /><testcase classname="tests.test_engineering_m3" name="test_E16_cancel_fences_tool_and_result" time="2.202" /><testcase classname="tests.test_engineering_m3" name="test_E14_simulated_effect_dedupe" time="1.910" /><testcase classname="tests.test_engineering_m3" name="test_E06_sandbox_cannot_access_host_credentials_or_network" time="1.756" /><testcase classname="tests.test_engineering_m3" name="test_E21_audit_failure_blocks_file_effect" time="1.635" /><testcase classname="tests.test_engineering_m3" name="test_E14_uncertain_tool_does_not_repeat" time="1.326" /><testcase classname="tests.test_engineering_m3" name="test_E08_scope_and_receipt_references_are_enforced" time="1.410" /><testcase classname="tests.test_engineering_m4" name="test_E18_same_source_not_new_experience" time="1.262" /><testcase classname="tests.test_engineering_m4" name="test_E19_bounded_proposal_and_next_context" time="0.722" /><testcase classname="tests.test_engineering_m4" name="test_E12_chunk_sources_and_scope" time="1.347" /><testcase classname="tests.test_engineering_m6" name="test_E24_queue_fairness_and_group_quiet" time="1.039" /><testcase classname="tests.test_engineering_m6" name="test_E09_E16_owner_cancellation_and_expired_lease" time="1.245" /><testcase classname="tests.test_engineering_m6" name="test_E06_duplicate_result_one_character_feedback" time="1.858" /><testcase classname="tests.test_engineering_m6" name="test_E12_output_cap_and_literal_shell_arguments" time="1.126" /><testcase classname="tests.test_engineering_m6" name="test_E20_erasure_preserves_unique_keys_and_refences_context" time="1.684" /></testsuite></testsuites>