<?xml version="1.0" encoding="utf-8"?><testsuites name="pytest tests"><testsuite name="pytest" errors="0" failures="0" skipped="0" tests="38" time="41.899" timestamp="2026-09-19T21:21:16.584374+12:00" hostname="Ran-Workstation"><testcase classname="tests.test_engineering_m1" name="test_E01_namespace_guard" time="0.691" /><testcase classname="tests.test_engineering_m1" name="test_E02_actual_fake_request_and_missing_persona" time="1.000" /><testcase classname="tests.test_engineering_m1" name="test_E03_stops_advance_and_E04_private_public_split" time="1.776" /><testcase classname="tests.test_engineering_m1" name="test_E05_delivered_projection_only" time="0.583" /><testcase classname="tests.test_engineering_m1" name="test_E07_invalid_stage_fails_closed[bad0]" time="0.603" /><testcase classname="tests.test_engineering_m1" name="test_E07_invalid_stage_fails_closed[bad1]" time="0.745" /><testcase classname="tests.test_engineering_m1" name="test_E07_invalid_stage_fails_closed[bad2]" time="0.655" /><testcase classname="tests.test_engineering_m1" name="test_E07_invalid_stage_fails_closed[bad3]" time="0.578" /><testcase classname="tests.test_engineering_m1" name="test_E07_json_retry_and_recall_bounds" time="1.000" /><testcase classname="tests.test_engineering_m1" name="test_E09_identity_and_E10_scope" time="1.226" /><testcase classname="tests.test_engineering_m1" name="test_E14_100_duplicates" time="1.192" /><testcase classname="tests.test_engineering_m1" name="test_E14_real_process_crash_after_receive" time="1.109" /><testcase classname="tests.test_engineering_m1" name="test_E15_nonidempotent_unknown" time="0.739" /><testcase classname="tests.test_engineering_m1" name="test_E17_twenty_cas_proposals" time="0.549" /><testcase classname="tests.test_engineering_m1" name="test_E19_scope_inheritance_and_policy_denial" time="0.553" /><testcase classname="tests.test_engineering_m1" name="test_E21_audit_failure_prevents_calls_and_effects" time="0.527" /><testcase classname="tests.test_engineering_m1" name="test_E23_state_replay_and_tamper" time="1.209" /><testcase classname="tests.test_engineering_m3" name="test_E16_cancel_fences_tool_and_result" time="1.679" /><testcase classname="tests.test_engineering_m3" name="test_E14_simulated_effect_dedupe" time="2.616" /><testcase classname="tests.test_engineering_m3" name="test_E06_sandbox_cannot_access_host_credentials_or_network" time="1.386" /><testcase classname="tests.test_engineering_m3" name="test_E21_audit_failure_blocks_file_effect" time="1.862" /><testcase classname="tests.test_engineering_m3" name="test_E14_uncertain_tool_does_not_repeat" time="1.165" /><testcase classname="tests.test_engineering_m3" name="test_E08_scope_and_receipt_references_are_enforced" time="1.110" /><testcase classname="tests.test_engineering_m4" name="test_E18_same_source_not_new_experience" time="0.592" /><testcase classname="tests.test_engineering_m4" name="test_E19_bounded_proposal_and_next_context" time="0.838" /><testcase classname="tests.test_engineering_m4" name="test_E12_chunk_sources_and_scope" time="0.705" /><testcase classname="tests.test_engineering_m6" name="test_E24_queue_fairness_and_group_quiet" time="0.960" /><testcase classname="tests.test_engineering_m6" name="test_E09_E16_owner_cancellation_and_expired_lease" time="1.144" /><testcase classname="tests.test_engineering_m6" name="test_E06_duplicate_result_one_character_feedback" time="1.768" /><testcase classname="tests.test_engineering_m6" name="test_E12_output_cap_and_literal_shell_arguments" time="1.206" /><testcase classname="tests.test_engineering_m6" name="test_E20_erasure_preserves_unique_keys_and_refences_context" time="1.659" /><testcase classname="tests.test_engineering_m7" name="test_E14_five_actual_process_crash_points[after_task_persist]" time="1.022" /><testcase classname="tests.test_engineering_m7" name="test_E14_five_actual_process_crash_points[after_lane_delivery]" time="1.069" /><testcase classname="tests.test_engineering_m7" name="test_E14_five_actual_process_crash_points[after_tool_commit]" time="1.621" /><testcase classname="tests.test_engineering_m7" name="test_E14_five_actual_process_crash_points[after_send_before_receipt]" time="1.103" /><testcase classname="tests.test_engineering_m7" name="test_E14_five_actual_process_crash_points[before_commit_audit]" time="1.062" /><testcase classname="tests.test_engineering_m7" name="test_E12_read_only_source_and_allowed_code_write" time="1.662" /><testcase classname="tests.test_engineering_m7" name="test_E22_independent_observer_detects_missing_auxiliary_call" time="0.850" /></testsuite></testsuites>