<?xml version="1.0" encoding="utf-8"?><testsuites name="pytest tests"><testsuite name="pytest" errors="0" failures="0" skipped="0" tests="26" time="26.915" timestamp="2026-09-19T02:35:37.852915+12:00" hostname="Ran-Workstation"><testcase classname="tests.test_engineering_m1" name="test_E01_namespace_guard" time="0.506" /><testcase classname="tests.test_engineering_m1" name="test_E02_actual_fake_request_and_missing_persona" time="0.736" /><testcase classname="tests.test_engineering_m1" name="test_E03_stops_advance_and_E04_private_public_split" time="0.769" /><testcase classname="tests.test_engineering_m1" name="test_E05_delivered_projection_only" time="0.623" /><testcase classname="tests.test_engineering_m1" name="test_E07_invalid_stage_fails_closed[bad0]" time="0.629" /><testcase classname="tests.test_engineering_m1" name="test_E07_invalid_stage_fails_closed[bad1]" time="0.600" /><testcase classname="tests.test_engineering_m1" name="test_E07_invalid_stage_fails_closed[bad2]" time="0.628" /><testcase classname="tests.test_engineering_m1" name="test_E07_invalid_stage_fails_closed[bad3]" time="0.574" /><testcase classname="tests.test_engineering_m1" name="test_E07_json_retry_and_recall_bounds" time="1.050" /><testcase classname="tests.test_engineering_m1" name="test_E09_identity_and_E10_scope" time="0.613" /><testcase classname="tests.test_engineering_m1" name="test_E14_100_duplicates" time="2.505" /><testcase classname="tests.test_engineering_m1" name="test_E14_real_process_crash_after_receive" time="1.123" /><testcase classname="tests.test_engineering_m1" name="test_E15_nonidempotent_unknown" time="1.354" /><testcase classname="tests.test_engineering_m1" name="test_E17_twenty_cas_proposals" time="1.341" /><testcase classname="tests.test_engineering_m1" name="test_E19_scope_inheritance_and_policy_denial" time="1.066" /><testcase classname="tests.test_engineering_m1" name="test_E21_audit_failure_prevents_calls_and_effects" time="1.500" /><testcase classname="tests.test_engineering_m1" name="test_E23_state_replay_and_tamper" time="1.078" /><testcase classname="tests.test_engineering_m3" name="test_E16_cancel_fences_tool_and_result" time="1.100" /><testcase classname="tests.test_engineering_m3" name="test_E14_simulated_effect_dedupe" time="1.658" /><testcase classname="tests.test_engineering_m3" name="test_E06_sandbox_cannot_access_host_credentials_or_network" time="1.086" /><testcase classname="tests.test_engineering_m3" name="test_E21_audit_failure_blocks_file_effect" time="1.263" /><testcase classname="tests.test_engineering_m3" name="test_E14_uncertain_tool_does_not_repeat" time="1.786" /><testcase classname="tests.test_engineering_m3" name="test_E08_scope_and_receipt_references_are_enforced" time="1.143" /><testcase classname="tests.test_engineering_m4" name="test_E18_same_source_not_new_experience" time="0.611" /><testcase classname="tests.test_engineering_m4" name="test_E19_bounded_proposal_and_next_context" time="0.747" /><testcase classname="tests.test_engineering_m4" name="test_E12_chunk_sources_and_scope" time="0.744" /></testsuite></testsuites>