<?xml version="1.0" encoding="utf-8"?><testsuites name="pytest tests"><testsuite name="pytest" errors="0" failures="0" skipped="0" tests="9" time="8.876" timestamp="2026-09-20T12:07:55.279956+12:00" hostname="Ran-Workstation"><testcase classname="tests.test_engineering_m1" name="test_E17_twenty_cas_proposals" time="0.706"><properties><property name="evidence_path" value="reports/check-20260920T000754Z-ba97b1/fixtures/e0a57e3cc06ba111" /></properties></testcase><testcase classname="tests.test_engineering_m1" name="test_E19_scope_inheritance_and_policy_denial" time="1.153"><properties><property name="evidence_path" value="reports/check-20260920T000754Z-ba97b1/fixtures/c4af893473857b2f" /></properties></testcase><testcase classname="tests.test_engineering_m1" name="test_E23_state_replay_and_tamper" time="1.299"><properties><property name="evidence_path" value="reports/check-20260920T000754Z-ba97b1/fixtures/b9c1940a27856440" /></properties></testcase><testcase classname="tests.test_engineering_m10" name="test_E17_twenty_mutation_ids_replayed_after_cas" time="0.706"><properties><property name="evidence_path" value="reports/check-20260920T000754Z-ba97b1/fixtures/efc8169fd19f3cb9" /></properties></testcase><testcase classname="tests.test_engineering_m10" name="test_E19_message_source_cannot_be_laundered" time="0.563"><properties><property name="evidence_path" value="reports/check-20260920T000754Z-ba97b1/fixtures/e81177b1f75efc70" /></properties></testcase><testcase classname="tests.test_engineering_m10" name="test_E23_mixed_state_replay_without_external_actions" time="2.323"><properties><property name="evidence_path" value="reports/check-20260920T000754Z-ba97b1/fixtures/f6f9d6eddea25f2c" /></properties></testcase><testcase classname="tests.test_engineering_m11" name="test_E19_rollback_rejects_other_scope_and_preserves_source_accounting" time="0.588"><properties><property name="evidence_path" value="reports/check-20260920T000754Z-ba97b1/fixtures/ca74e4e99229c338" /></properties></testcase><testcase classname="tests.test_engineering_m4" name="test_E19_bounded_proposal_and_next_context" time="0.803"><properties><property name="evidence_path" value="reports/check-20260920T000754Z-ba97b1/fixtures/308503132b36c8e4" /></properties></testcase><testcase classname="tests.test_engineering_m8" name="test_E19_transitive_private_source_laundering_denied" time="0.552"><properties><property name="evidence_path" value="reports/check-20260920T000754Z-ba97b1/fixtures/58d1be07f29a7c9a" /></properties></testcase></testsuite></testsuites>