<?xml version="1.0" encoding="utf-8"?><testsuites name="pytest tests"><testsuite name="pytest" errors="0" failures="0" skipped="0" tests="17" time="13.501" timestamp="2026-09-19T02:02:16.312628+12:00" hostname="Ran-Workstation"><testcase classname="tests.test_engineering_m1" name="test_E01_namespace_guard" time="1.349" /><testcase classname="tests.test_engineering_m1" name="test_E02_actual_fake_request_and_missing_persona" time="0.885" /><testcase classname="tests.test_engineering_m1" name="test_E03_stops_advance_and_E04_private_public_split" time="0.672" /><testcase classname="tests.test_engineering_m1" name="test_E05_delivered_projection_only" time="0.550" /><testcase classname="tests.test_engineering_m1" name="test_E07_invalid_stage_fails_closed[bad0]" time="0.609" /><testcase classname="tests.test_engineering_m1" name="test_E07_invalid_stage_fails_closed[bad1]" time="0.582" /><testcase classname="tests.test_engineering_m1" name="test_E07_invalid_stage_fails_closed[bad2]" time="0.641" /><testcase classname="tests.test_engineering_m1" name="test_E07_invalid_stage_fails_closed[bad3]" time="0.620" /><testcase classname="tests.test_engineering_m1" name="test_E07_json_retry_and_recall_bounds" time="0.939" /><testcase classname="tests.test_engineering_m1" name="test_E09_identity_and_E10_scope" time="0.545" /><testcase classname="tests.test_engineering_m1" name="test_E14_100_duplicates" time="1.230" /><testcase classname="tests.test_engineering_m1" name="test_E14_real_process_crash_after_receive" time="1.217" /><testcase classname="tests.test_engineering_m1" name="test_E15_nonidempotent_unknown" time="0.766" /><testcase classname="tests.test_engineering_m1" name="test_E17_twenty_cas_proposals" time="0.651" /><testcase classname="tests.test_engineering_m1" name="test_E19_scope_inheritance_and_policy_denial" time="0.512" /><testcase classname="tests.test_engineering_m1" name="test_E21_audit_failure_prevents_calls_and_effects" time="0.537" /><testcase classname="tests.test_engineering_m1" name="test_E23_state_replay_and_tamper" time="1.114" /></testsuite></testsuites>