<?xml version="1.0" encoding="utf-8"?><testsuites name="pytest tests"><testsuite name="pytest" errors="0" failures="0" skipped="0" tests="8" time="7.439" timestamp="2026-09-20T12:41:51.630702+12:00" hostname="Ran-Workstation"><testcase classname="tests.test_engineering_m9" name="test_E03_monologue_off_is_explicit_control" time="1.337"><properties><property name="evidence_path" value="reports/check-20260920T004150Z-60f179/fixtures/951d0f31a6371ade" /></properties></testcase><testcase classname="tests.test_engineering_m9" name="test_independent_review_rejects_tampering_and_missing_attestation" time="0.102"><properties><property name="auxiliary_evidence_path" value="reports/check-20260920T004150Z-60f179/fixtures/65e5fc9c1ae8a0fb/temporary-evidence" /></properties></testcase><testcase classname="tests.test_engineering_m9" name="test_E10_canonical_canaries_in_all_unauthorized_contexts" time="0.638"><properties><property name="evidence_path" value="reports/check-20260920T004150Z-60f179/fixtures/5173bef2f0585b32" /></properties></testcase><testcase classname="tests.test_engineering_m11" name="test_E16_old_worker_exception_does_not_poison_replacement" time="1.296"><properties><property name="evidence_path" value="reports/check-20260920T004150Z-60f179/fixtures/6a63d7c4c78b9eee" /></properties></testcase><testcase classname="tests.test_engineering_m11" name="test_E24_budget_guard_before_generation_and_clock_fairness" time="0.001" /><testcase classname="tests.test_engineering_m11" name="test_E16_busy_workspace_is_not_claimed" time="2.754"><properties><property name="evidence_path" value="reports/check-20260920T004150Z-60f179/fixtures/e488f65a186ede54" /></properties></testcase><testcase classname="tests.test_engineering_m11" name="test_E19_rollback_rejects_other_scope_and_preserves_source_accounting" time="0.604"><properties><property name="evidence_path" value="reports/check-20260920T004150Z-60f179/fixtures/ca74e4e99229c338" /></properties></testcase><testcase classname="tests.test_engineering_m11" name="test_cli_starts_and_exposes_revision_commands" time="0.607" /></testsuite></testsuites>