<?xml version="1.0" encoding="utf-8"?><testsuites name="pytest tests"><testsuite name="pytest" errors="0" failures="0" skipped="0" tests="42" time="49.529" timestamp="2026-09-19T21:54:47.681554+12:00" hostname="Ran-Workstation"><testcase classname="tests.test_engineering_m1" name="test_E01_namespace_guard" time="0.794" /><testcase classname="tests.test_engineering_m1" name="test_E02_actual_fake_request_and_missing_persona" time="0.981" /><testcase classname="tests.test_engineering_m1" name="test_E03_stops_advance_and_E04_private_public_split" time="0.817" /><testcase classname="tests.test_engineering_m1" name="test_E05_delivered_projection_only" time="1.137" /><testcase classname="tests.test_engineering_m1" name="test_E07_invalid_stage_fails_closed[bad0]" time="0.701" /><testcase classname="tests.test_engineering_m1" name="test_E07_invalid_stage_fails_closed[bad1]" time="0.611" /><testcase classname="tests.test_engineering_m1" name="test_E07_invalid_stage_fails_closed[bad2]" time="0.674" /><testcase classname="tests.test_engineering_m1" name="test_E07_invalid_stage_fails_closed[bad3]" time="0.582" /><testcase classname="tests.test_engineering_m1" name="test_E07_json_retry_and_recall_bounds" time="1.020" /><testcase classname="tests.test_engineering_m1" name="test_E09_identity_and_E10_scope" time="0.558" /><testcase classname="tests.test_engineering_m1" name="test_E14_100_duplicates" time="1.302" /><testcase classname="tests.test_engineering_m1" name="test_E14_real_process_crash_after_receive" time="1.268" /><testcase classname="tests.test_engineering_m1" name="test_E15_nonidempotent_unknown" time="0.919" /><testcase classname="tests.test_engineering_m1" name="test_E17_twenty_cas_proposals" time="0.624" /><testcase classname="tests.test_engineering_m1" name="test_E19_scope_inheritance_and_policy_denial" time="0.578" /><testcase classname="tests.test_engineering_m1" name="test_E21_audit_failure_prevents_calls_and_effects" time="0.566" /><testcase classname="tests.test_engineering_m1" name="test_E23_state_replay_and_tamper" time="1.318" /><testcase classname="tests.test_engineering_m3" name="test_E16_cancel_fences_tool_and_result" time="1.743" /><testcase classname="tests.test_engineering_m3" name="test_E14_simulated_effect_dedupe" time="2.294" /><testcase classname="tests.test_engineering_m3" name="test_E06_sandbox_cannot_access_host_credentials_or_network" time="1.174" /><testcase classname="tests.test_engineering_m3" name="test_E21_audit_failure_blocks_file_effect" time="1.258" /><testcase classname="tests.test_engineering_m3" name="test_E14_uncertain_tool_does_not_repeat" time="1.783" /><testcase classname="tests.test_engineering_m3" name="test_E08_scope_and_receipt_references_are_enforced" time="1.214" /><testcase classname="tests.test_engineering_m4" name="test_E18_same_source_not_new_experience" time="0.798" /><testcase classname="tests.test_engineering_m4" name="test_E19_bounded_proposal_and_next_context" time="0.950" /><testcase classname="tests.test_engineering_m4" name="test_E12_chunk_sources_and_scope" time="0.775" /><testcase classname="tests.test_engineering_m6" name="test_E24_queue_fairness_and_group_quiet" time="1.090" /><testcase classname="tests.test_engineering_m6" name="test_E09_E16_owner_cancellation_and_expired_lease" time="1.197" /><testcase classname="tests.test_engineering_m6" name="test_E06_duplicate_result_one_character_feedback" time="1.731" /><testcase classname="tests.test_engineering_m6" name="test_E12_output_cap_and_literal_shell_arguments" time="1.353" /><testcase classname="tests.test_engineering_m6" name="test_E20_erasure_preserves_unique_keys_and_refences_context" time="1.742" /><testcase classname="tests.test_engineering_m7" name="test_E14_five_actual_process_crash_points[after_task_persist]" time="1.276" /><testcase classname="tests.test_engineering_m7" name="test_E14_five_actual_process_crash_points[after_lane_delivery]" time="1.291" /><testcase classname="tests.test_engineering_m7" name="test_E14_five_actual_process_crash_points[after_tool_commit]" time="1.919" /><testcase classname="tests.test_engineering_m7" name="test_E14_five_actual_process_crash_points[after_send_before_receipt]" time="1.248" /><testcase classname="tests.test_engineering_m7" name="test_E14_five_actual_process_crash_points[before_commit_audit]" time="1.288" /><testcase classname="tests.test_engineering_m7" name="test_E12_read_only_source_and_allowed_code_write" time="1.688" /><testcase classname="tests.test_engineering_m7" name="test_E22_independent_observer_detects_missing_auxiliary_call" time="1.006" /><testcase classname="tests.test_engineering_m8" name="test_E08_schema_error_recovers_once_with_real_copy" time="2.205" /><testcase classname="tests.test_engineering_m8" name="test_E21_disk_full_before_request_and_closed_mongo" time="0.759" /><testcase classname="tests.test_engineering_m8" name="test_E20_active_runtime_lease_blocks_erasure" time="2.563" /><testcase classname="tests.test_engineering_m8" name="test_E19_transitive_private_source_laundering_denied" time="0.600" /></testsuite></testsuites>