<?xml version="1.0" encoding="utf-8"?><testsuites name="pytest tests"><testsuite name="pytest" errors="0" failures="0" skipped="0" tests="31" time="33.528" timestamp="2026-09-19T20:56:28.961635+12:00" hostname="Ran-Workstation"><testcase classname="tests.test_engineering_m1" name="test_E01_namespace_guard" time="0.568" /><testcase classname="tests.test_engineering_m1" name="test_E02_actual_fake_request_and_missing_persona" time="1.583" /><testcase classname="tests.test_engineering_m1" name="test_E03_stops_advance_and_E04_private_public_split" time="0.739" /><testcase classname="tests.test_engineering_m1" name="test_E05_delivered_projection_only" time="0.525" /><testcase classname="tests.test_engineering_m1" name="test_E07_invalid_stage_fails_closed[bad0]" time="0.571" /><testcase classname="tests.test_engineering_m1" name="test_E07_invalid_stage_fails_closed[bad1]" time="0.598" /><testcase classname="tests.test_engineering_m1" name="test_E07_invalid_stage_fails_closed[bad2]" time="0.544" /><testcase classname="tests.test_engineering_m1" name="test_E07_invalid_stage_fails_closed[bad3]" time="0.885" /><testcase classname="tests.test_engineering_m1" name="test_E07_json_retry_and_recall_bounds" time="1.909" /><testcase classname="tests.test_engineering_m1" name="test_E09_identity_and_E10_scope" time="0.538" /><testcase classname="tests.test_engineering_m1" name="test_E14_100_duplicates" time="1.618" /><testcase classname="tests.test_engineering_m1" name="test_E14_real_process_crash_after_receive" time="1.266" /><testcase classname="tests.test_engineering_m1" name="test_E15_nonidempotent_unknown" time="0.733" /><testcase classname="tests.test_engineering_m1" name="test_E17_twenty_cas_proposals" time="0.548" /><testcase classname="tests.test_engineering_m1" name="test_E19_scope_inheritance_and_policy_denial" time="0.575" /><testcase classname="tests.test_engineering_m1" name="test_E21_audit_failure_prevents_calls_and_effects" time="1.100" /><testcase classname="tests.test_engineering_m1" name="test_E23_state_replay_and_tamper" time="1.082" /><testcase classname="tests.test_engineering_m3" name="test_E16_cancel_fences_tool_and_result" time="1.628" /><testcase classname="tests.test_engineering_m3" name="test_E14_simulated_effect_dedupe" time="1.662" /><testcase classname="tests.test_engineering_m3" name="test_E06_sandbox_cannot_access_host_credentials_or_network" time="1.089" /><testcase classname="tests.test_engineering_m3" name="test_E21_audit_failure_blocks_file_effect" time="1.146" /><testcase classname="tests.test_engineering_m3" name="test_E14_uncertain_tool_does_not_repeat" time="1.108" /><testcase classname="tests.test_engineering_m3" name="test_E08_scope_and_receipt_references_are_enforced" time="1.146" /><testcase classname="tests.test_engineering_m4" name="test_E18_same_source_not_new_experience" time="0.807" /><testcase classname="tests.test_engineering_m4" name="test_E19_bounded_proposal_and_next_context" time="1.013" /><testcase classname="tests.test_engineering_m4" name="test_E12_chunk_sources_and_scope" time="0.694" /><testcase classname="tests.test_engineering_m6" name="test_E24_queue_fairness_and_group_quiet" time="1.040" /><testcase classname="tests.test_engineering_m6" name="test_E09_E16_owner_cancellation_and_expired_lease" time="1.146" /><testcase classname="tests.test_engineering_m6" name="test_E06_duplicate_result_one_character_feedback" time="1.756" /><testcase classname="tests.test_engineering_m6" name="test_E12_output_cap_and_literal_shell_arguments" time="1.302" /><testcase classname="tests.test_engineering_m6" name="test_E20_erasure_preserves_unique_keys_and_refences_context" time="2.503" /></testsuite></testsuites>