<?xml version="1.0" encoding="utf-8"?><testsuites name="pytest tests"><testsuite name="pytest" errors="0" failures="0" skipped="0" tests="58" time="62.588" timestamp="2026-09-20T12:52:16.117276+12:00" hostname="Ran-Workstation"><testcase classname="tests.test_engineering_m1" name="test_E01_namespace_guard" time="0.574"><properties><property name="evidence_path" value="reports/check-20260920T005215Z-7e0bed/fixtures/fb4b51a62eddea41" /></properties></testcase><testcase classname="tests.test_engineering_m1" name="test_E02_actual_fake_request_and_missing_persona" time="0.941"><properties><property name="evidence_path" value="reports/check-20260920T005215Z-7e0bed/fixtures/68a59a0e3f743057" /></properties></testcase><testcase classname="tests.test_engineering_m1" name="test_E03_stops_advance_and_E04_private_public_split" time="0.855"><properties><property name="evidence_path" value="reports/check-20260920T005215Z-7e0bed/fixtures/632de47090cab52e" /></properties></testcase><testcase classname="tests.test_engineering_m1" name="test_E05_delivered_projection_only" time="0.672"><properties><property name="evidence_path" value="reports/check-20260920T005215Z-7e0bed/fixtures/1ea885f5e83458eb" /></properties></testcase><testcase classname="tests.test_engineering_m1" name="test_E07_invalid_stage_fails_closed[bad0]" time="0.728"><properties><property name="evidence_path" value="reports/check-20260920T005215Z-7e0bed/fixtures/c69c875b4590beb4" /></properties></testcase><testcase classname="tests.test_engineering_m1" name="test_E07_invalid_stage_fails_closed[bad1]" time="0.624"><properties><property name="evidence_path" value="reports/check-20260920T005215Z-7e0bed/fixtures/fcfd69afe280fca8" /></properties></testcase><testcase classname="tests.test_engineering_m1" name="test_E07_invalid_stage_fails_closed[bad2]" time="0.664"><properties><property name="evidence_path" value="reports/check-20260920T005215Z-7e0bed/fixtures/f119846770ab6d64" /></properties></testcase><testcase classname="tests.test_engineering_m1" name="test_E07_invalid_stage_fails_closed[bad3]" time="1.514"><properties><property name="evidence_path" value="reports/check-20260920T005215Z-7e0bed/fixtures/e548275fe75400ae" /></properties></testcase><testcase classname="tests.test_engineering_m1" name="test_E07_json_retry_and_recall_bounds" time="1.133"><properties><property name="evidence_path" value="reports/check-20260920T005215Z-7e0bed/fixtures/b8e53e916081a8f4" /></properties></testcase><testcase classname="tests.test_engineering_m1" name="test_E09_identity_and_E10_scope" time="0.606"><properties><property name="evidence_path" value="reports/check-20260920T005215Z-7e0bed/fixtures/37a441c602de31c4" /></properties></testcase><testcase classname="tests.test_engineering_m1" name="test_E14_100_duplicates" time="1.239"><properties><property name="evidence_path" value="reports/check-20260920T005215Z-7e0bed/fixtures/b398e3d27adeb986" /></properties></testcase><testcase classname="tests.test_engineering_m1" name="test_E14_real_process_crash_after_receive" time="1.150"><properties><property name="evidence_path" value="reports/check-20260920T005215Z-7e0bed/fixtures/db6ac89aa3182827" /></properties></testcase><testcase classname="tests.test_engineering_m1" name="test_E15_nonidempotent_unknown" time="0.806"><properties><property name="evidence_path" value="reports/check-20260920T005215Z-7e0bed/fixtures/96c7431b85d76097" /></properties></testcase><testcase classname="tests.test_engineering_m1" name="test_E17_twenty_cas_proposals" time="0.635"><properties><property name="evidence_path" value="reports/check-20260920T005215Z-7e0bed/fixtures/e0a57e3cc06ba111" /></properties></testcase><testcase classname="tests.test_engineering_m1" name="test_E19_scope_inheritance_and_policy_denial" time="0.561"><properties><property name="evidence_path" value="reports/check-20260920T005215Z-7e0bed/fixtures/c4af893473857b2f" /></properties></testcase><testcase classname="tests.test_engineering_m1" name="test_E21_audit_failure_prevents_calls_and_effects" time="0.544"><properties><property name="evidence_path" value="reports/check-20260920T005215Z-7e0bed/fixtures/d805f72575ef703d" /></properties></testcase><testcase classname="tests.test_engineering_m1" name="test_E23_state_replay_and_tamper" time="1.126"><properties><property name="evidence_path" value="reports/check-20260920T005215Z-7e0bed/fixtures/b9c1940a27856440" /><property name="auxiliary_evidence_path" value="reports/check-20260920T005215Z-7e0bed/fixtures/b9c1940a27856440/temporary-evidence" /></properties></testcase><testcase classname="tests.test_engineering_m10" name="test_E05_undelivered_are_explicit_and_survive_new_store" time="0.585"><properties><property name="evidence_path" value="reports/check-20260920T005215Z-7e0bed/fixtures/cc0d76b458da5c83" /></properties></testcase><testcase classname="tests.test_engineering_m10" name="test_E17_twenty_mutation_ids_replayed_after_cas" time="0.742"><properties><property name="evidence_path" value="reports/check-20260920T005215Z-7e0bed/fixtures/efc8169fd19f3cb9" /></properties></testcase><testcase classname="tests.test_engineering_m10" name="test_E12_E13_executor_cannot_publish_or_reach_host" time="1.810"><properties><property name="evidence_path" value="reports/check-20260920T005215Z-7e0bed/fixtures/9419ada5c71d4900" /></properties></testcase><testcase classname="tests.test_engineering_m10" name="test_E19_message_source_cannot_be_laundered" time="0.548"><properties><property name="evidence_path" value="reports/check-20260920T005215Z-7e0bed/fixtures/e81177b1f75efc70" /></properties></testcase><testcase classname="tests.test_engineering_m10" name="test_E21_audit_failure_immediately_before_sink" time="0.678"><properties><property name="evidence_path" value="reports/check-20260920T005215Z-7e0bed/fixtures/157fc28747f5c240" /></properties></testcase><testcase classname="tests.test_engineering_m10" name="test_E23_mixed_state_replay_without_external_actions" time="2.245"><properties><property name="evidence_path" value="reports/check-20260920T005215Z-7e0bed/fixtures/f6f9d6eddea25f2c" /></properties></testcase><testcase classname="tests.test_engineering_m10" name="test_E07_provider_length_is_not_stop" time="0.001" /><testcase classname="tests.test_engineering_m11" name="test_E16_old_worker_exception_does_not_poison_replacement" time="1.177"><properties><property name="evidence_path" value="reports/check-20260920T005215Z-7e0bed/fixtures/6a63d7c4c78b9eee" /></properties></testcase><testcase classname="tests.test_engineering_m11" name="test_E24_budget_guard_before_generation_and_clock_fairness" time="0.001" /><testcase classname="tests.test_engineering_m11" name="test_E16_busy_workspace_is_not_claimed" time="2.681"><properties><property name="evidence_path" value="reports/check-20260920T005215Z-7e0bed/fixtures/e488f65a186ede54" /></properties></testcase><testcase classname="tests.test_engineering_m11" name="test_E19_rollback_rejects_other_scope_and_preserves_source_accounting" time="0.746"><properties><property name="evidence_path" value="reports/check-20260920T005215Z-7e0bed/fixtures/ca74e4e99229c338" /></properties></testcase><testcase classname="tests.test_engineering_m11" name="test_cli_starts_and_exposes_revision_commands" time="0.591" /><testcase classname="tests.test_engineering_m12" name="test_E22_proxy_timeout_has_terminal_audit" time="1.114"><properties><property name="auxiliary_evidence_path" value="reports/check-20260920T005215Z-7e0bed/fixtures/382ffb8de1cda07f/temporary-evidence" /></properties></testcase><testcase classname="tests.test_engineering_m3" name="test_E16_cancel_fences_tool_and_result" time="1.240"><properties><property name="evidence_path" value="reports/check-20260920T005215Z-7e0bed/fixtures/056bcd4a849e6adb" /></properties></testcase><testcase classname="tests.test_engineering_m3" name="test_E14_simulated_effect_dedupe" time="1.805"><properties><property name="evidence_path" value="reports/check-20260920T005215Z-7e0bed/fixtures/ca47c9496bf1a7dc" /></properties></testcase><testcase classname="tests.test_engineering_m3" name="test_E06_sandbox_cannot_access_host_credentials_or_network" time="1.205"><properties><property name="evidence_path" value="reports/check-20260920T005215Z-7e0bed/fixtures/56a367838e03c207" /></properties></testcase><testcase classname="tests.test_engineering_m3" name="test_E21_audit_failure_blocks_file_effect" time="1.186"><properties><property name="evidence_path" value="reports/check-20260920T005215Z-7e0bed/fixtures/c3c90bc670ef2ed7" /></properties></testcase><testcase classname="tests.test_engineering_m3" name="test_E14_uncertain_tool_does_not_repeat" time="1.792"><properties><property name="evidence_path" value="reports/check-20260920T005215Z-7e0bed/fixtures/443aca9e056a291c" /></properties></testcase><testcase classname="tests.test_engineering_m3" name="test_E08_scope_and_receipt_references_are_enforced" time="1.201"><properties><property name="evidence_path" value="reports/check-20260920T005215Z-7e0bed/fixtures/644a84645cc50e22" /></properties></testcase><testcase classname="tests.test_engineering_m4" name="test_E18_same_source_not_new_experience" time="0.817"><properties><property name="evidence_path" value="reports/check-20260920T005215Z-7e0bed/fixtures/03654bf3db67bd9c" /></properties></testcase><testcase classname="tests.test_engineering_m4" name="test_E19_bounded_proposal_and_next_context" time="0.811"><properties><property name="evidence_path" value="reports/check-20260920T005215Z-7e0bed/fixtures/308503132b36c8e4" /></properties></testcase><testcase classname="tests.test_engineering_m4" name="test_E12_chunk_sources_and_scope" time="0.780"><properties><property name="evidence_path" value="reports/check-20260920T005215Z-7e0bed/fixtures/bcc99f94e3d7ef73" /></properties></testcase><testcase classname="tests.test_engineering_m6" name="test_E24_queue_fairness_and_group_quiet" time="1.074"><properties><property name="evidence_path" value="reports/check-20260920T005215Z-7e0bed/fixtures/30ef50e9a17c01a4" /></properties></testcase><testcase classname="tests.test_engineering_m6" name="test_E09_E16_owner_cancellation_and_expired_lease" time="1.194"><properties><property name="evidence_path" value="reports/check-20260920T005215Z-7e0bed/fixtures/332d48fc3f4179c4" /></properties></testcase><testcase classname="tests.test_engineering_m6" name="test_E06_duplicate_result_one_character_feedback" time="1.666"><properties><property name="evidence_path" value="reports/check-20260920T005215Z-7e0bed/fixtures/7910ec60d346a24a" /></properties></testcase><testcase classname="tests.test_engineering_m6" name="test_E12_output_cap_and_literal_shell_arguments" time="0.983" /><testcase classname="tests.test_engineering_m6" name="test_E20_erasure_preserves_unique_keys_and_refences_context" time="1.793"><properties><property name="evidence_path" value="reports/check-20260920T005215Z-7e0bed/fixtures/3585a6bbd864f6df" /></properties></testcase><testcase classname="tests.test_engineering_m7" name="test_E14_five_actual_process_crash_points[after_task_persist]" time="1.326"><properties><property name="evidence_path" value="reports/check-20260920T005215Z-7e0bed/fixtures/76cff69c563bf805" /></properties></testcase><testcase classname="tests.test_engineering_m7" name="test_E14_five_actual_process_crash_points[after_lane_delivery]" time="1.278"><properties><property name="evidence_path" value="reports/check-20260920T005215Z-7e0bed/fixtures/cbd943c248ba6cd2" /></properties></testcase><testcase classname="tests.test_engineering_m7" name="test_E14_five_actual_process_crash_points[after_tool_commit]" time="1.884"><properties><property name="evidence_path" value="reports/check-20260920T005215Z-7e0bed/fixtures/7b43c6f041e04d57" /></properties></testcase><testcase classname="tests.test_engineering_m7" name="test_E14_five_actual_process_crash_points[after_send_before_receipt]" time="1.293"><properties><property name="evidence_path" value="reports/check-20260920T005215Z-7e0bed/fixtures/62ea9164cc18404a" /></properties></testcase><testcase classname="tests.test_engineering_m7" name="test_E14_five_actual_process_crash_points[before_commit_audit]" time="1.164"><properties><property name="evidence_path" value="reports/check-20260920T005215Z-7e0bed/fixtures/49c98912ff084bc9" /></properties></testcase><testcase classname="tests.test_engineering_m7" name="test_E12_read_only_source_and_allowed_code_write" time="1.723"><properties><property name="evidence_path" value="reports/check-20260920T005215Z-7e0bed/fixtures/db044ba9a9a3f9f7" /></properties></testcase><testcase classname="tests.test_engineering_m7" name="test_E22_independent_observer_detects_missing_auxiliary_call" time="0.929"><properties><property name="auxiliary_evidence_path" value="reports/check-20260920T005215Z-7e0bed/fixtures/518543448c544920/temporary-evidence" /></properties></testcase><testcase classname="tests.test_engineering_m8" name="test_E08_schema_error_recovers_once_with_real_copy" time="2.402"><properties><property name="evidence_path" value="reports/check-20260920T005215Z-7e0bed/fixtures/b0d57c528dff7723" /></properties></testcase><testcase classname="tests.test_engineering_m8" name="test_E21_disk_full_before_request_and_closed_mongo" time="0.710"><properties><property name="evidence_path" value="reports/check-20260920T005215Z-7e0bed/fixtures/4dbffba49bf7b32c" /><property name="auxiliary_evidence_path" value="reports/check-20260920T005215Z-7e0bed/fixtures/4dbffba49bf7b32c/temporary-evidence" /></properties></testcase><testcase classname="tests.test_engineering_m8" name="test_E20_active_runtime_lease_blocks_erasure" time="2.746"><properties><property name="evidence_path" value="reports/check-20260920T005215Z-7e0bed/fixtures/f98cec715003f751" /></properties></testcase><testcase classname="tests.test_engineering_m8" name="test_E19_transitive_private_source_laundering_denied" time="0.628"><properties><property name="evidence_path" value="reports/check-20260920T005215Z-7e0bed/fixtures/58d1be07f29a7c9a" /></properties></testcase><testcase classname="tests.test_engineering_m9" name="test_E03_monologue_off_is_explicit_control" time="0.780"><properties><property name="evidence_path" value="reports/check-20260920T005215Z-7e0bed/fixtures/951d0f31a6371ade" /></properties></testcase><testcase classname="tests.test_engineering_m9" name="test_independent_review_rejects_tampering_and_missing_attestation" time="0.071"><properties><property name="auxiliary_evidence_path" value="reports/check-20260920T005215Z-7e0bed/fixtures/65e5fc9c1ae8a0fb/temporary-evidence" /></properties></testcase><testcase classname="tests.test_engineering_m9" name="test_E10_canonical_canaries_in_all_unauthorized_contexts" time="0.628"><properties><property name="evidence_path" value="reports/check-20260920T005215Z-7e0bed/fixtures/5173bef2f0585b32" /></properties></testcase></testsuite></testsuites>