<?xml version="1.0" encoding="utf-8"?><testsuites name="pytest tests"><testsuite name="pytest" errors="0" failures="0" skipped="0" tests="6" time="7.176" timestamp="2026-09-20T12:04:42.582059+12:00" hostname="Ran-Workstation"><testcase classname="tests.test_engineering_m1" name="test_E23_state_replay_and_tamper" time="1.210"><properties><property name="evidence_path" value="reports/check-20260920T000442Z-8b631e/fixtures/b9c1940a27856440" /></properties></testcase><testcase classname="tests.test_engineering_m10" name="test_E23_mixed_state_replay_without_external_actions" time="2.555"><properties><property name="evidence_path" value="reports/check-20260920T000442Z-8b631e/fixtures/f6f9d6eddea25f2c" /></properties></testcase><testcase classname="tests.test_engineering_m11" name="test_E24_budget_guard_before_generation_and_clock_fairness" time="0.001" /><testcase classname="tests.test_engineering_m12" name="test_E22_proxy_timeout_has_terminal_audit" time="1.078" /><testcase classname="tests.test_engineering_m6" name="test_E24_queue_fairness_and_group_quiet" time="1.190"><properties><property name="evidence_path" value="reports/check-20260920T000442Z-8b631e/fixtures/30ef50e9a17c01a4" /></properties></testcase><testcase classname="tests.test_engineering_m7" name="test_E22_independent_observer_detects_missing_auxiliary_call" time="0.942" /></testsuite></testsuites>