<?xml version="1.0" encoding="utf-8"?><testsuites name="pytest tests"><testsuite name="pytest" errors="0" failures="0" skipped="0" tests="23" time="20.548" timestamp="2026-09-19T02:29:04.488547+12:00" hostname="Ran-Workstation"><testcase classname="tests.test_engineering_m1" name="test_E01_namespace_guard" time="0.486" /><testcase classname="tests.test_engineering_m1" name="test_E02_actual_fake_request_and_missing_persona" time="0.837" /><testcase classname="tests.test_engineering_m1" name="test_E03_stops_advance_and_E04_private_public_split" time="0.787" /><testcase classname="tests.test_engineering_m1" name="test_E05_delivered_projection_only" time="0.708" /><testcase classname="tests.test_engineering_m1" name="test_E07_invalid_stage_fails_closed[bad0]" time="0.670" /><testcase classname="tests.test_engineering_m1" name="test_E07_invalid_stage_fails_closed[bad1]" time="0.578" /><testcase classname="tests.test_engineering_m1" name="test_E07_invalid_stage_fails_closed[bad2]" time="0.594" /><testcase classname="tests.test_engineering_m1" name="test_E07_invalid_stage_fails_closed[bad3]" time="0.577" /><testcase classname="tests.test_engineering_m1" name="test_E07_json_retry_and_recall_bounds" time="1.006" /><testcase classname="tests.test_engineering_m1" name="test_E09_identity_and_E10_scope" time="0.546" /><testcase classname="tests.test_engineering_m1" name="test_E14_100_duplicates" time="1.351" /><testcase classname="tests.test_engineering_m1" name="test_E14_real_process_crash_after_receive" time="1.057" /><testcase classname="tests.test_engineering_m1" name="test_E15_nonidempotent_unknown" time="0.766" /><testcase classname="tests.test_engineering_m1" name="test_E17_twenty_cas_proposals" time="0.556" /><testcase classname="tests.test_engineering_m1" name="test_E19_scope_inheritance_and_policy_denial" time="0.524" /><testcase classname="tests.test_engineering_m1" name="test_E21_audit_failure_prevents_calls_and_effects" time="0.452" /><testcase classname="tests.test_engineering_m1" name="test_E23_state_replay_and_tamper" time="1.044" /><testcase classname="tests.test_engineering_m3" name="test_E16_cancel_fences_tool_and_result" time="1.117" /><testcase classname="tests.test_engineering_m3" name="test_E14_simulated_effect_dedupe" time="1.701" /><testcase classname="tests.test_engineering_m3" name="test_E06_sandbox_cannot_access_host_credentials_or_network" time="1.164" /><testcase classname="tests.test_engineering_m3" name="test_E21_audit_failure_blocks_file_effect" time="1.125" /><testcase classname="tests.test_engineering_m3" name="test_E14_uncertain_tool_does_not_repeat" time="1.180" /><testcase classname="tests.test_engineering_m3" name="test_E08_scope_and_receipt_references_are_enforced" time="1.652" /></testsuite></testsuites>