<?xml version="1.0" encoding="utf-8"?><testsuites name="pytest tests"><testsuite name="pytest" errors="1" failures="0" skipped="0" tests="58" time="65.891" timestamp="2026-09-19T23:06:10.731695+12:00" hostname="Ran-Workstation"><testcase classname="tests.test_engineering_m1" name="test_E01_namespace_guard" time="0.532"><properties><property name="evidence_path" value="reports/check-20260919T110610Z-78cee0/fixtures/fb4b51a62eddea41" /></properties></testcase><testcase classname="tests.test_engineering_m1" name="test_E02_actual_fake_request_and_missing_persona" time="0.810"><properties><property name="evidence_path" value="reports/check-20260919T110610Z-78cee0/fixtures/68a59a0e3f743057" /></properties></testcase><testcase classname="tests.test_engineering_m1" name="test_E03_stops_advance_and_E04_private_public_split" time="0.752"><properties><property name="evidence_path" value="reports/check-20260919T110610Z-78cee0/fixtures/632de47090cab52e" /></properties></testcase><testcase classname="tests.test_engineering_m1" name="test_E05_delivered_projection_only" time="0.592"><properties><property name="evidence_path" value="reports/check-20260919T110610Z-78cee0/fixtures/1ea885f5e83458eb" /></properties></testcase><testcase classname="tests.test_engineering_m1" name="test_E07_invalid_stage_fails_closed[bad0]" time="0.892"><properties><property name="evidence_path" value="reports/check-20260919T110610Z-78cee0/fixtures/c69c875b4590beb4" /></properties></testcase><testcase classname="tests.test_engineering_m1" name="test_E07_invalid_stage_fails_closed[bad1]" time="0.901"><properties><property name="evidence_path" value="reports/check-20260919T110610Z-78cee0/fixtures/fcfd69afe280fca8" /></properties></testcase><testcase classname="tests.test_engineering_m1" name="test_E07_invalid_stage_fails_closed[bad2]" time="0.693"><properties><property name="evidence_path" value="reports/check-20260919T110610Z-78cee0/fixtures/f119846770ab6d64" /></properties></testcase><testcase classname="tests.test_engineering_m1" name="test_E07_invalid_stage_fails_closed[bad3]" time="0.601"><properties><property name="evidence_path" value="reports/check-20260919T110610Z-78cee0/fixtures/e548275fe75400ae" /></properties></testcase><testcase classname="tests.test_engineering_m1" name="test_E07_json_retry_and_recall_bounds" time="0.971"><properties><property name="evidence_path" value="reports/check-20260919T110610Z-78cee0/fixtures/b8e53e916081a8f4" /></properties></testcase><testcase classname="tests.test_engineering_m1" name="test_E09_identity_and_E10_scope" time="0.559"><properties><property name="evidence_path" value="reports/check-20260919T110610Z-78cee0/fixtures/37a441c602de31c4" /></properties></testcase><testcase classname="tests.test_engineering_m1" name="test_E14_100_duplicates" time="1.325"><properties><property name="evidence_path" value="reports/check-20260919T110610Z-78cee0/fixtures/b398e3d27adeb986" /></properties></testcase><testcase classname="tests.test_engineering_m1" name="test_E14_real_process_crash_after_receive" time="1.133"><properties><property name="evidence_path" value="reports/check-20260919T110610Z-78cee0/fixtures/db6ac89aa3182827" /></properties></testcase><testcase classname="tests.test_engineering_m1" name="test_E15_nonidempotent_unknown" time="0.776"><properties><property name="evidence_path" value="reports/check-20260919T110610Z-78cee0/fixtures/96c7431b85d76097" /></properties></testcase><testcase classname="tests.test_engineering_m1" name="test_E17_twenty_cas_proposals" time="0.629"><properties><property name="evidence_path" value="reports/check-20260919T110610Z-78cee0/fixtures/e0a57e3cc06ba111" /></properties></testcase><testcase classname="tests.test_engineering_m1" name="test_E19_scope_inheritance_and_policy_denial" time="0.571"><properties><property name="evidence_path" value="reports/check-20260919T110610Z-78cee0/fixtures/c4af893473857b2f" /></properties></testcase><testcase classname="tests.test_engineering_m1" name="test_E21_audit_failure_prevents_calls_and_effects" time="0.540"><properties><property name="evidence_path" value="reports/check-20260919T110610Z-78cee0/fixtures/d805f72575ef703d" /></properties></testcase><testcase classname="tests.test_engineering_m1" name="test_E23_state_replay_and_tamper" time="1.127"><properties><property name="evidence_path" value="reports/check-20260919T110610Z-78cee0/fixtures/b9c1940a27856440" /></properties></testcase><testcase classname="tests.test_engineering_m10" name="test_E05_undelivered_are_explicit_and_survive_new_store" time="0.562"><properties><property name="evidence_path" value="reports/check-20260919T110610Z-78cee0/fixtures/cc0d76b458da5c83" /></properties></testcase><testcase classname="tests.test_engineering_m10" name="test_E17_twenty_mutation_ids_replayed_after_cas" time="0.657"><properties><property name="evidence_path" value="reports/check-20260919T110610Z-78cee0/fixtures/efc8169fd19f3cb9" /></properties></testcase><testcase classname="tests.test_engineering_m10" name="test_E12_E13_executor_cannot_publish_or_reach_host" time="1.769"><properties><property name="evidence_path" value="reports/check-20260919T110610Z-78cee0/fixtures/9419ada5c71d4900" /></properties></testcase><testcase classname="tests.test_engineering_m10" name="test_E19_message_source_cannot_be_laundered" time="0.631"><properties><property name="evidence_path" value="reports/check-20260919T110610Z-78cee0/fixtures/e81177b1f75efc70" /></properties></testcase><testcase classname="tests.test_engineering_m10" name="test_E21_audit_failure_immediately_before_sink" time="0.698"><properties><property name="evidence_path" value="reports/check-20260919T110610Z-78cee0/fixtures/157fc28747f5c240" /></properties></testcase><testcase classname="tests.test_engineering_m10" name="test_E23_mixed_state_replay_without_external_actions" time="2.252"><properties><property name="evidence_path" value="reports/check-20260919T110610Z-78cee0/fixtures/f6f9d6eddea25f2c" /></properties></testcase><testcase classname="tests.test_engineering_m10" name="test_E07_provider_length_is_not_stop" time="0.000" /><testcase classname="tests.test_engineering_m11" name="test_E16_old_worker_exception_does_not_poison_replacement" time="1.711"><properties><property name="evidence_path" value="reports/check-20260919T110610Z-78cee0/fixtures/6a63d7c4c78b9eee" /></properties></testcase><testcase classname="tests.test_engineering_m11" name="test_E24_budget_guard_before_generation_and_clock_fairness" time="0.001" /><testcase classname="tests.test_engineering_m11" name="test_E16_busy_workspace_is_not_claimed" time="2.748"><properties><property name="evidence_path" value="reports/check-20260919T110610Z-78cee0/fixtures/e488f65a186ede54" /></properties></testcase><testcase classname="tests.test_engineering_m11" name="test_E19_rollback_rejects_other_scope_and_preserves_source_accounting" time="0.551"><properties><property name="evidence_path" value="reports/check-20260919T110610Z-78cee0/fixtures/ca74e4e99229c338" /></properties></testcase><testcase classname="tests.test_engineering_m11" name="test_cli_starts_and_exposes_revision_commands" time="0.553" /><testcase classname="tests.test_engineering_m3" name="test_E16_cancel_fences_tool_and_result" time="1.923"><properties><property name="evidence_path" value="reports/check-20260919T110610Z-78cee0/fixtures/056bcd4a849e6adb" /></properties></testcase><testcase classname="tests.test_engineering_m3" name="test_E14_simulated_effect_dedupe" time="1.744"><properties><property name="evidence_path" value="reports/check-20260919T110610Z-78cee0/fixtures/ca47c9496bf1a7dc" /></properties></testcase><testcase classname="tests.test_engineering_m3" name="test_E06_sandbox_cannot_access_host_credentials_or_network" time="1.385"><properties><property name="evidence_path" value="reports/check-20260919T110610Z-78cee0/fixtures/56a367838e03c207" /></properties></testcase><testcase classname="tests.test_engineering_m3" name="test_E21_audit_failure_blocks_file_effect" time="1.306"><properties><property name="evidence_path" value="reports/check-20260919T110610Z-78cee0/fixtures/c3c90bc670ef2ed7" /></properties></testcase><testcase classname="tests.test_engineering_m3" name="test_E14_uncertain_tool_does_not_repeat" time="1.292"><properties><property name="evidence_path" value="reports/check-20260919T110610Z-78cee0/fixtures/443aca9e056a291c" /></properties></testcase><testcase classname="tests.test_engineering_m3" name="test_E08_scope_and_receipt_references_are_enforced" time="1.223"><properties><property name="evidence_path" value="reports/check-20260919T110610Z-78cee0/fixtures/644a84645cc50e22" /></properties></testcase><testcase classname="tests.test_engineering_m4" name="test_E18_same_source_not_new_experience" time="0.746"><properties><property name="evidence_path" value="reports/check-20260919T110610Z-78cee0/fixtures/03654bf3db67bd9c" /></properties></testcase><testcase classname="tests.test_engineering_m4" name="test_E19_bounded_proposal_and_next_context" time="0.893"><properties><property name="evidence_path" value="reports/check-20260919T110610Z-78cee0/fixtures/308503132b36c8e4" /></properties></testcase><testcase classname="tests.test_engineering_m4" name="test_E12_chunk_sources_and_scope" time="0.814"><properties><property name="evidence_path" value="reports/check-20260919T110610Z-78cee0/fixtures/bcc99f94e3d7ef73" /></properties></testcase><testcase classname="tests.test_engineering_m6" name="test_E24_queue_fairness_and_group_quiet" time="1.020"><properties><property name="evidence_path" value="reports/check-20260919T110610Z-78cee0/fixtures/30ef50e9a17c01a4" /></properties></testcase><testcase classname="tests.test_engineering_m6" name="test_E09_E16_owner_cancellation_and_expired_lease" time="1.151"><properties><property name="evidence_path" value="reports/check-20260919T110610Z-78cee0/fixtures/332d48fc3f4179c4" /></properties></testcase><testcase classname="tests.test_engineering_m6" name="test_E06_duplicate_result_one_character_feedback" time="4.019"><properties><property name="evidence_path" value="reports/check-20260919T110610Z-78cee0/fixtures/7910ec60d346a24a" /></properties></testcase><testcase classname="tests.test_engineering_m6" name="test_E12_output_cap_and_literal_shell_arguments" time="1.539" /><testcase classname="tests.test_engineering_m6" name="test_E20_erasure_preserves_unique_keys_and_refences_context" time="2.064"><properties><property name="evidence_path" value="reports/check-20260919T110610Z-78cee0/fixtures/3585a6bbd864f6df" /></properties></testcase><testcase classname="tests.test_engineering_m7" name="test_E14_five_actual_process_crash_points[after_task_persist]" time="0.997"><properties><property name="evidence_path" value="reports/check-20260919T110610Z-78cee0/fixtures/76cff69c563bf805" /></properties></testcase><testcase classname="tests.test_engineering_m7" name="test_E14_five_actual_process_crash_points[after_lane_delivery]" time="1.581"><properties><property name="evidence_path" value="reports/check-20260919T110610Z-78cee0/fixtures/cbd943c248ba6cd2" /></properties></testcase><testcase classname="tests.test_engineering_m7" name="test_E14_five_actual_process_crash_points[after_tool_commit]" time="1.750"><properties><property name="evidence_path" value="reports/check-20260919T110610Z-78cee0/fixtures/7b43c6f041e04d57" /></properties></testcase><testcase classname="tests.test_engineering_m7" name="test_E14_five_actual_process_crash_points[after_send_before_receipt]" time="1.802"><properties><property name="evidence_path" value="reports/check-20260919T110610Z-78cee0/fixtures/62ea9164cc18404a" /></properties></testcase><testcase classname="tests.test_engineering_m7" name="test_E14_five_actual_process_crash_points[before_commit_audit]" time="1.123"><properties><property name="evidence_path" value="reports/check-20260919T110610Z-78cee0/fixtures/49c98912ff084bc9" /></properties></testcase><testcase classname="tests.test_engineering_m7" name="test_E12_read_only_source_and_allowed_code_write" time="2.270"><properties><property name="evidence_path" value="reports/check-20260919T110610Z-78cee0/fixtures/db044ba9a9a3f9f7" /></properties></testcase><testcase classname="tests.test_engineering_m7" name="test_E22_independent_observer_detects_missing_auxiliary_call" time="0.877" /><testcase classname="tests.test_engineering_m8" name="test_E08_schema_error_recovers_once_with_real_copy" time="2.218"><properties><property name="evidence_path" value="reports/check-20260919T110610Z-78cee0/fixtures/b0d57c528dff7723" /></properties></testcase><testcase classname="tests.test_engineering_m8" name="test_E21_disk_full_before_request_and_closed_mongo" time="0.791"><error message="failed on teardown with &quot;pymongo.errors.InvalidOperation: Cannot use MongoClient after close&quot;">request = &lt;SubRequest 'store' for &lt;Function test_E21_disk_full_before_request_and_closed_mongo&gt;&gt;

&gt;   ???

tests\conftest.py:18: 
_ _ _ _ _ _ _ _ _ _ _ _ _ _ _ _ _ _ _ _ _ _ _ _ _ _ _ _ _ _ _ _ _ _ _ _ _ _ _ _
.venv\Lib\site-packages\pymongo\synchronous\cursor.py:1289: in __next__
    return self.next()
           ^^^^^^^^^^^
.venv\Lib\site-packages\pymongo\synchronous\cursor.py:1265: in next
    if len(self._data) or self._refresh():
                          ^^^^^^^^^^^^^^^
.venv\Lib\site-packages\pymongo\synchronous\cursor.py:1213: in _refresh
    self._send_message(q)
.venv\Lib\site-packages\pymongo\synchronous\cursor.py:1108: in _send_message
    response = client._run_operation(
.venv\Lib\site-packages\pymongo\_csot.py:124: in csot_wrapper
    return func(self, *args, **kwargs)
           ^^^^^^^^^^^^^^^^^^^^^^^^^^^
.venv\Lib\site-packages\pymongo\synchronous\mongo_client.py:1938: in _run_operation
    return self._retryable_read(
.venv\Lib\site-packages\pymongo\synchronous\mongo_client.py:2048: in _retryable_read
    return self._retry_internal(
.venv\Lib\site-packages\pymongo\_csot.py:125: in csot_wrapper
    return func(self, *args, **kwargs)
           ^^^^^^^^^^^^^^^^^^^^^^^^^^^
.venv\Lib\site-packages\pymongo\synchronous\mongo_client.py:2014: in _retry_internal
    ).run()
      ^^^^^
.venv\Lib\site-packages\pymongo\synchronous\mongo_client.py:2763: in run
    return self._read() if self._is_read else self._write()
           ^^^^^^^^^^^^
.venv\Lib\site-packages\pymongo\synchronous\mongo_client.py:2908: in _read
    self._server = self._get_server()
                   ^^^^^^^^^^^^^^^^^^
.venv\Lib\site-packages\pymongo\synchronous\mongo_client.py:2856: in _get_server
    return self._client._select_server(
.venv\Lib\site-packages\pymongo\synchronous\mongo_client.py:1833: in _select_server
    server = topology.select_server(
.venv\Lib\site-packages\pymongo\synchronous\topology.py:428: in select_server
    server = self._select_server(
.venv\Lib\site-packages\pymongo\synchronous\topology.py:402: in _select_server
    servers = self.select_servers(
.venv\Lib\site-packages\pymongo\synchronous\topology.py:298: in select_servers
    server_descriptions = self._select_servers_loop(
.venv\Lib\site-packages\pymongo\synchronous\topology.py:376: in _select_servers_loop
    self._ensure_opened()
_ _ _ _ _ _ _ _ _ _ _ _ _ _ _ _ _ _ _ _ _ _ _ _ _ _ _ _ _ _ _ _ _ _ _ _ _ _ _ _

self = &lt;Topology CLOSED &lt;TopologyDescription id: 6aae6cde95f12d17fc514b81, topology_type: Single, servers: [&lt;ServerDescription ('192.168.2.10', 27027) server_type: Unknown, rtt: None&gt;]&gt;&gt;

    def _ensure_opened(self) -&gt; None:
        """Start monitors, or restart after a fork.
    
        Hold the lock when calling this.
        """
        if self._closed:
&gt;           raise InvalidOperation("Cannot use MongoClient after close")
E           pymongo.errors.InvalidOperation: Cannot use MongoClient after close

.venv\Lib\site-packages\pymongo\synchronous\topology.py:812: InvalidOperation</error></testcase><testcase classname="tests.test_engineering_m8" name="test_E20_active_runtime_lease_blocks_erasure" time="3.467"><properties><property name="evidence_path" value="reports/check-20260919T110610Z-78cee0/fixtures/f98cec715003f751" /></properties></testcase><testcase classname="tests.test_engineering_m8" name="test_E19_transitive_private_source_laundering_denied" time="0.579"><properties><property name="evidence_path" value="reports/check-20260919T110610Z-78cee0/fixtures/58d1be07f29a7c9a" /></properties></testcase><testcase classname="tests.test_engineering_m9" name="test_E03_monologue_off_is_explicit_control" time="0.733"><properties><property name="evidence_path" value="reports/check-20260919T110610Z-78cee0/fixtures/951d0f31a6371ade" /></properties></testcase><testcase classname="tests.test_engineering_m9" name="test_independent_review_rejects_tampering_and_missing_attestation" time="0.048" /><testcase classname="tests.test_engineering_m9" name="test_E10_canonical_canaries_in_all_unauthorized_contexts" time="0.632"><properties><property name="evidence_path" value="reports/check-20260919T110610Z-78cee0/fixtures/5173bef2f0585b32" /></properties></testcase></testsuite></testsuites>